<?xml version="1.0" encoding="UTF-8"?>
<testsuite xmlns:xsi="http://www.w3.org/2001/XMLSchema-instance" xsi:noNamespaceSchemaLocation="https://maven.apache.org/surefire/maven-surefire-plugin/xsd/surefire-test-report-3.0.xsd" version="3.0" name="runnerclass.TestRunner" time="10.274" tests="4" errors="0" skipped="0" failures="0">
  <properties>
[...]
</properties>
  <testcase name="Test GET API" classname="Restful Booker API Testing" time="4.183">
    <system-out><![CDATA[
Scenario: Test GET API                    # src/test/java/featureFile/booking.feature:3
  Given I set up the base URI             # stepDefinationFiles.apiSteps.setUpBaseURI()
  When I send a GET request to "/booking" # stepDefinationFiles.apiSteps.sendGetRequest(java.lang.String)
  Then the response status should be 200  # stepDefinationFiles.apiSteps.validateResponseStatus(int)
]]></system-out>
  </testcase>
  <testcase name="Test POST API" classname="Restful Booker API Testing" time="1.952">
    <system-out><![CDATA[
Scenario: Test POST API                                       # src/test/java/featureFile/booking.feature:8
  Given I set up the base URI                                 # stepDefinationFiles.apiSteps.setUpBaseURI()
  When I send a POST request to "/booking" with valid payload # stepDefinationFiles.apiSteps.sendPostRequest(java.lang.String)
  Then the response status should be 200                      # stepDefinationFiles.apiSteps.validateResponseStatus(int)
]]></system-out>
  </testcase>
  <testcase name="Test PUT API" classname="Restful Booker API Testing" time="1.573">
    <system-out><![CDATA[
Scenario: Test PUT API                                           # src/test/java/featureFile/booking.feature:13
  Given I set up the base URI                                    # stepDefinationFiles.apiSteps.setUpBaseURI()
  When I send a PUT request to "/booking/1" with updated payload # stepDefinationFiles.apiSteps.sendPutRequest(java.lang.String)
  Then the response status should be 403                         # stepDefinationFiles.apiSteps.validateResponseStatus(int)
]]></system-out>
  </testcase>
  <testcase name="Test DELETE API" classname="Restful Booker API Testing" time="1.635">
    <system-out><![CDATA[
Scenario: Test DELETE API                      # src/test/java/featureFile/booking.feature:18
  Given I set up the base URI                  # stepDefinationFiles.apiSteps.setUpBaseURI()
  When I send a DELETE request to "/booking/1" # stepDefinationFiles.apiSteps.sendDeleteRequest(java.lang.String)
  Then the response status should be 403       # stepDefinationFiles.apiSteps.validateResponseStatus(int)
]]></system-out>
  </testcase>
</testsuite>